# JRE version: Java(TM) SE Runtime Environment (8.0_181-b13) (build 1.8.0_181-b13)
# Java VM: Java HotSpot(TM) 64-Bit Server VM (25.181-b13 mixed mode windows-amd64 compressed oops)
Heap:
 PSYoungGen      total 153088K, used 25430K [0x0000000715b80000, 0x0000000720600000, 0x00000007c0000000)
  eden space 131584K, 19% used [0x0000000715b80000,0x0000000717455a30,0x000000071dc00000)
  from space 21504K, 0% used [0x000000071dc00000,0x000000071dc00000,0x000000071f100000)
  to   space 21504K, 0% used [0x000000071f100000,0x000000071f100000,0x0000000720600000)
 ParOldGen       total 143360K, used 11383K [0x00000005c1200000, 0x00000005c9e00000, 0x0000000715b80000)
  object space 143360K, 7% used [0x00000005c1200000,0x00000005c1d1dec0,0x00000005c9e00000)
 Metaspace       used 21058K, capacity 21758K, committed 21888K, reserved 1069056K
  class space    used 2923K, capacity 3106K, committed 3200K, reserved 1048576K
GC Heap History (4 events):
Event: 15.950 GC heap before
{Heap before GC invocations=1 (full 0):
 PSYoungGen      total 153088K, used 73480K [0x0000000715b80000, 0x0000000720600000, 0x00000007c0000000)
  eden space 131584K, 55% used [0x0000000715b80000,0x000000071a342350,0x000000071dc00000)
  from space 21504K, 0% used [0x000000071f100000,0x000000071f100000,0x0000000720600000)
  to   space 21504K, 0% used [0x000000071dc00000,0x000000071dc00000,0x000000071f100000)
 ParOldGen       total 349696K, used 0K [0x00000005c1200000, 0x00000005d6780000, 0x0000000715b80000)
  object space 349696K, 0% used [0x00000005c1200000,0x00000005c1200000,0x00000005d6780000)
 Metaspace       used 20595K, capacity 21184K, committed 21248K, reserved 1067008K
  class space    used 2893K, capacity 3053K, committed 3072K, reserved 1048576K
Event: 15.955 GC heap after
Heap after GC invocations=1 (full 0):
 PSYoungGen      total 153088K, used 13601K [0x0000000715b80000, 0x0000000720600000, 0x00000007c0000000)
  eden space 131584K, 0% used [0x0000000715b80000,0x0000000715b80000,0x000000071dc00000)
  from space 21504K, 63% used [0x000000071dc00000,0x000000071e948578,0x000000071f100000)
  to   space 21504K, 0% used [0x000000071f100000,0x000000071f100000,0x0000000720600000)
 ParOldGen       total 349696K, used 88K [0x00000005c1200000, 0x00000005d6780000, 0x0000000715b80000)
  object space 349696K, 0% used [0x00000005c1200000,0x00000005c1216010,0x00000005d6780000)
 Metaspace       used 20595K, capacity 21184K, committed 21248K, reserved 1067008K
  class space    used 2893K, capacity 3053K, committed 3072K, reserved 1048576K
}
Event: 15.955 GC heap before
{Heap before GC invocations=2 (full 1):
 PSYoungGen      total 153088K, used 13601K [0x0000000715b80000, 0x0000000720600000, 0x00000007c0000000)
  eden space 131584K, 0% used [0x0000000715b80000,0x0000000715b80000,0x000000071dc00000)
  from space 21504K, 63% used [0x000000071dc00000,0x000000071e948578,0x000000071f100000)
  to   space 21504K, 0% used [0x000000071f100000,0x000000071f100000,0x0000000720600000)
 ParOldGen       total 349696K, used 88K [0x00000005c1200000, 0x00000005d6780000, 0x0000000715b80000)
  object space 349696K, 0% used [0x00000005c1200000,0x00000005c1216010,0x00000005d6780000)
 Metaspace       used 20595K, capacity 21184K, committed 21248K, reserved 1067008K
  class space    used 2893K, capacity 3053K, committed 3072K, reserved 1048576K
Event: 15.972 GC heap after
Heap after GC invocations=2 (full 1):
 PSYoungGen      total 153088K, used 0K [0x0000000715b80000, 0x0000000720600000, 0x00000007c0000000)
  eden space 131584K, 0% used [0x0000000715b80000,0x0000000715b80000,0x000000071dc00000)
  from space 21504K, 0% used [0x000000071dc00000,0x000000071dc00000,0x000000071f100000)
  to   space 21504K, 0% used [0x000000071f100000,0x000000071f100000,0x0000000720600000)
 ParOldGen       total 143360K, used 11383K [0x00000005c1200000, 0x00000005c9e00000, 0x0000000715b80000)
  object space 143360K, 7% used [0x00000005c1200000,0x00000005c1d1dec0,0x00000005c9e00000)
 Metaspace       used 20595K, capacity 21184K, committed 21248K, reserved 1067008K
  class space    used 2893K, capacity 3053K, committed 3072K, reserved 1048576K
}

