# JRE version: Java(TM) SE Runtime Environment (8.0_181-b13) (build 1.8.0_181-b13)
# Java VM: Java HotSpot(TM) 64-Bit Server VM (25.181-b13 mixed mode windows-amd64 compressed oops)
Heap:
 PSYoungGen      total 153088K, used 18422K [0x0000000715b80000, 0x0000000720600000, 0x00000007c0000000)
  eden space 131584K, 14% used [0x0000000715b80000,0x0000000716d7d988,0x000000071dc00000)
  from space 21504K, 0% used [0x000000071dc00000,0x000000071dc00000,0x000000071f100000)
  to   space 21504K, 0% used [0x000000071f100000,0x000000071f100000,0x0000000720600000)
 ParOldGen       total 143360K, used 11260K [0x00000005c1200000, 0x00000005c9e00000, 0x0000000715b80000)
  object space 143360K, 7% used [0x00000005c1200000,0x00000005c1cff150,0x00000005c9e00000)
 Metaspace       used 20620K, capacity 21330K, committed 21552K, reserved 1067008K
  class space    used 2898K, capacity 3094K, committed 3120K, reserved 1048576K
GC Heap History (4 events):
Event: 10.554 GC heap before
{Heap before GC invocations=1 (full 0):
 PSYoungGen      total 153088K, used 80679K [0x0000000715b80000, 0x0000000720600000, 0x00000007c0000000)
  eden space 131584K, 61% used [0x0000000715b80000,0x000000071aa49c70,0x000000071dc00000)
  from space 21504K, 0% used [0x000000071f100000,0x000000071f100000,0x0000000720600000)
  to   space 21504K, 0% used [0x000000071dc00000,0x000000071dc00000,0x000000071f100000)
 ParOldGen       total 349696K, used 0K [0x00000005c1200000, 0x00000005d6780000, 0x0000000715b80000)
  object space 349696K, 0% used [0x00000005c1200000,0x00000005c1200000,0x00000005d6780000)
 Metaspace       used 20588K, capacity 21266K, committed 21296K, reserved 1067008K
  class space    used 2896K, capacity 3094K, committed 3120K, reserved 1048576K
Event: 10.561 GC heap after
Heap after GC invocations=1 (full 0):
 PSYoungGen      total 153088K, used 13420K [0x0000000715b80000, 0x0000000720600000, 0x00000007c0000000)
  eden space 131584K, 0% used [0x0000000715b80000,0x0000000715b80000,0x000000071dc00000)
  from space 21504K, 62% used [0x000000071dc00000,0x000000071e91b150,0x000000071f100000)
  to   space 21504K, 0% used [0x000000071f100000,0x000000071f100000,0x0000000720600000)
 ParOldGen       total 349696K, used 88K [0x00000005c1200000, 0x00000005d6780000, 0x0000000715b80000)
  object space 349696K, 0% used [0x00000005c1200000,0x00000005c1216010,0x00000005d6780000)
 Metaspace       used 20588K, capacity 21266K, committed 21296K, reserved 1067008K
  class space    used 2896K, capacity 3094K, committed 3120K, reserved 1048576K
}
Event: 10.561 GC heap before
{Heap before GC invocations=2 (full 1):
 PSYoungGen      total 153088K, used 13420K [0x0000000715b80000, 0x0000000720600000, 0x00000007c0000000)
  eden space 131584K, 0% used [0x0000000715b80000,0x0000000715b80000,0x000000071dc00000)
  from space 21504K, 62% used [0x000000071dc00000,0x000000071e91b150,0x000000071f100000)
  to   space 21504K, 0% used [0x000000071f100000,0x000000071f100000,0x0000000720600000)
 ParOldGen       total 349696K, used 88K [0x00000005c1200000, 0x00000005d6780000, 0x0000000715b80000)
  object space 349696K, 0% used [0x00000005c1200000,0x00000005c1216010,0x00000005d6780000)
 Metaspace       used 20588K, capacity 21266K, committed 21296K, reserved 1067008K
  class space    used 2896K, capacity 3094K, committed 3120K, reserved 1048576K
Event: 10.581 GC heap after
Heap after GC invocations=2 (full 1):
 PSYoungGen      total 153088K, used 0K [0x0000000715b80000, 0x0000000720600000, 0x00000007c0000000)
  eden space 131584K, 0% used [0x0000000715b80000,0x0000000715b80000,0x000000071dc00000)
  from space 21504K, 0% used [0x000000071dc00000,0x000000071dc00000,0x000000071f100000)
  to   space 21504K, 0% used [0x000000071f100000,0x000000071f100000,0x0000000720600000)
 ParOldGen       total 143360K, used 11260K [0x00000005c1200000, 0x00000005c9e00000, 0x0000000715b80000)
  object space 143360K, 7% used [0x00000005c1200000,0x00000005c1cff150,0x00000005c9e00000)
 Metaspace       used 20588K, capacity 21266K, committed 21296K, reserved 1067008K
  class space    used 2896K, capacity 3094K, committed 3120K, reserved 1048576K
}

