# JRE version: Java(TM) SE Runtime Environment (8.0_181-b13) (build 1.8.0_181-b13)
# Java VM: Java HotSpot(TM) 64-Bit Server VM (25.181-b13 mixed mode windows-amd64 compressed oops)
Heap:
 PSYoungGen      total 153088K, used 23652K [0x0000000715b80000, 0x0000000720600000, 0x00000007c0000000)
  eden space 131584K, 17% used [0x0000000715b80000,0x00000007172992e0,0x000000071dc00000)
  from space 21504K, 0% used [0x000000071dc00000,0x000000071dc00000,0x000000071f100000)
  to   space 21504K, 0% used [0x000000071f100000,0x000000071f100000,0x0000000720600000)
 ParOldGen       total 143360K, used 11390K [0x00000005c1200000, 0x00000005c9e00000, 0x0000000715b80000)
  object space 143360K, 7% used [0x00000005c1200000,0x00000005c1d1f928,0x00000005c9e00000)
 Metaspace       used 20855K, capacity 21582K, committed 21888K, reserved 1069056K
  class space    used 2904K, capacity 3096K, committed 3200K, reserved 1048576K
GC Heap History (4 events):
Event: 10.740 GC heap before
{Heap before GC invocations=1 (full 0):
 PSYoungGen      total 153088K, used 73475K [0x0000000715b80000, 0x0000000720600000, 0x00000007c0000000)
  eden space 131584K, 55% used [0x0000000715b80000,0x000000071a340c60,0x000000071dc00000)
  from space 21504K, 0% used [0x000000071f100000,0x000000071f100000,0x0000000720600000)
  to   space 21504K, 0% used [0x000000071dc00000,0x000000071dc00000,0x000000071f100000)
 ParOldGen       total 349696K, used 0K [0x00000005c1200000, 0x00000005d6780000, 0x0000000715b80000)
  object space 349696K, 0% used [0x00000005c1200000,0x00000005c1200000,0x00000005d6780000)
 Metaspace       used 20551K, capacity 21176K, committed 21248K, reserved 1067008K
  class space    used 2886K, capacity 3053K, committed 3072K, reserved 1048576K
Event: 10.746 GC heap after
Heap after GC invocations=1 (full 0):
 PSYoungGen      total 153088K, used 13570K [0x0000000715b80000, 0x0000000720600000, 0x00000007c0000000)
  eden space 131584K, 0% used [0x0000000715b80000,0x0000000715b80000,0x000000071dc00000)
  from space 21504K, 63% used [0x000000071dc00000,0x000000071e940bd0,0x000000071f100000)
  to   space 21504K, 0% used [0x000000071f100000,0x000000071f100000,0x0000000720600000)
 ParOldGen       total 349696K, used 88K [0x00000005c1200000, 0x00000005d6780000, 0x0000000715b80000)
  object space 349696K, 0% used [0x00000005c1200000,0x00000005c1216010,0x00000005d6780000)
 Metaspace       used 20551K, capacity 21176K, committed 21248K, reserved 1067008K
  class space    used 2886K, capacity 3053K, committed 3072K, reserved 1048576K
}
Event: 10.746 GC heap before
{Heap before GC invocations=2 (full 1):
 PSYoungGen      total 153088K, used 13570K [0x0000000715b80000, 0x0000000720600000, 0x00000007c0000000)
  eden space 131584K, 0% used [0x0000000715b80000,0x0000000715b80000,0x000000071dc00000)
  from space 21504K, 63% used [0x000000071dc00000,0x000000071e940bd0,0x000000071f100000)
  to   space 21504K, 0% used [0x000000071f100000,0x000000071f100000,0x0000000720600000)
 ParOldGen       total 349696K, used 88K [0x00000005c1200000, 0x00000005d6780000, 0x0000000715b80000)
  object space 349696K, 0% used [0x00000005c1200000,0x00000005c1216010,0x00000005d6780000)
 Metaspace       used 20551K, capacity 21176K, committed 21248K, reserved 1067008K
  class space    used 2886K, capacity 3053K, committed 3072K, reserved 1048576K
Event: 10.761 GC heap after
Heap after GC invocations=2 (full 1):
 PSYoungGen      total 153088K, used 0K [0x0000000715b80000, 0x0000000720600000, 0x00000007c0000000)
  eden space 131584K, 0% used [0x0000000715b80000,0x0000000715b80000,0x000000071dc00000)
  from space 21504K, 0% used [0x000000071dc00000,0x000000071dc00000,0x000000071f100000)
  to   space 21504K, 0% used [0x000000071f100000,0x000000071f100000,0x0000000720600000)
 ParOldGen       total 143360K, used 11390K [0x00000005c1200000, 0x00000005c9e00000, 0x0000000715b80000)
  object space 143360K, 7% used [0x00000005c1200000,0x00000005c1d1f928,0x00000005c9e00000)
 Metaspace       used 20551K, capacity 21176K, committed 21248K, reserved 1067008K
  class space    used 2886K, capacity 3053K, committed 3072K, reserved 1048576K
}

